<?xml version="1.0" encoding="UTF-8"?>
<testng-results skipped="0" failed="0" ignored="0" total="1" passed="1">
  <reporter-output>
  </reporter-output>
  <suite name="Default suite" duration-ms="21902" started-at="2022-06-10T17:22:57 IST" finished-at="2022-06-10T17:23:19 IST">
    <groups>
    </groups>
    <test name="Default test" duration-ms="21902" started-at="2022-06-10T17:22:57 IST" finished-at="2022-06-10T17:23:19 IST">
      <class name="testScript.Lambdatest">
        <test-method status="PASS" signature="setUp()[pri:0, instance:testScript.Lambdatest@6b53e23f]" name="setUp" is-config="true" duration-ms="17114" started-at="2022-06-10T17:22:57 IST" finished-at="2022-06-10T17:23:14 IST">
          <reporter-output>
          </reporter-output>
        </test-method> <!-- setUp -->
        <test-method status="PASS" signature="testScript()[pri:0, instance:testScript.Lambdatest@6b53e23f]" name="testScript" duration-ms="4644" started-at="2022-06-10T17:23:14 IST" finished-at="2022-06-10T17:23:19 IST">
          <reporter-output>
          </reporter-output>
        </test-method> <!-- testScript -->
      </class> <!-- testScript.Lambdatest -->
    </test> <!-- Default test -->
  </suite> <!-- Default suite -->
</testng-results>
